# JRE version: OpenJDK Runtime Environment Temurin-21.0.10+7 (21.0.10+7) (build 21.0.10+7-LTS)
# Java VM: OpenJDK 64-Bit Server VM Temurin-21.0.10+7 (21.0.10+7-LTS, mixed mode, sharing, tiered, compressed oops, compressed class ptrs, parallel gc, windows-amd64)
GC Precious Log:
 CardTable entry size: 512
 CPUs: 12 total, 12 available
 Memory: 16135M
 Large Page Support: Disabled
 NUMA Support: Disabled
 Compressed Oops: Enabled (32-bit)
 Alignments: Space 512K, Generation 512K, Heap 2M
 Heap Min Capacity: 100M
 Heap Initial Capacity: 100M
 Heap Max Capacity: 2G
 Pre-touch: Disabled
 Parallel Workers: 10
Heap:
 PSYoungGen      total 9216K, used 7737K [0x00000000d5580000, 0x00000000d6000000, 0x0000000100000000)
  eden space 8704K, 84% used [0x00000000d5580000,0x00000000d5cb1a50,0x00000000d5e00000)
  from space 512K, 72% used [0x00000000d5f80000,0x00000000d5fdcbd8,0x00000000d6000000)
  to   space 512K, 0% used [0x00000000d5e80000,0x00000000d5e80000,0x00000000d5f00000)
 ParOldGen       total 631808K, used 73267K [0x0000000080000000, 0x00000000a6900000, 0x00000000d5580000)
  object space 631808K, 11% used [0x0000000080000000,0x000000008478cc48,0x00000000a6900000)
 Metaspace       used 86881K, committed 88832K, reserved 1179648K
  class space    used 8794K, committed 9600K, reserved 1048576K
GC Heap History (20 events):
Event: 3361.920 GC heap before
{Heap before GC invocations=1106 (full 5):
 PSYoungGen      total 9216K, used 9022K [0x00000000d5580000, 0x00000000d6080000, 0x0000000100000000)
  eden space 8704K, 99% used [0x00000000d5580000,0x00000000d5dfade8,0x00000000d5e00000)
  from space 512K, 66% used [0x00000000d6000000,0x00000000d6054bd8,0x00000000d6080000)
  to   space 512K, 0% used [0x00000000d5f80000,0x00000000d5f80000,0x00000000d6000000)
 ParOldGen       total 631808K, used 70996K [0x0000000080000000, 0x00000000a6900000, 0x00000000d5580000)
  object space 631808K, 11% used [0x0000000080000000,0x0000000084555170,0x00000000a6900000)
 Metaspace       used 86845K, committed 88832K, reserved 1179648K
  class space    used 8794K, committed 9600K, reserved 1048576K
}
Event: 3361.923 GC heap after
{Heap after GC invocations=1106 (full 5):
 PSYoungGen      total 9216K, used 501K [0x00000000d5580000, 0x00000000d6200000, 0x0000000100000000)
  eden space 8704K, 0% used [0x00000000d5580000,0x00000000d5580000,0x00000000d5e00000)
  from space 512K, 98% used [0x00000000d5f80000,0x00000000d5ffd7f8,0x00000000d6000000)
  to   space 2048K, 0% used [0x00000000d6000000,0x00000000d6000000,0x00000000d6200000)
 ParOldGen       total 631808K, used 72041K [0x0000000080000000, 0x00000000a6900000, 0x00000000d5580000)
  object space 631808K, 11% used [0x0000000080000000,0x000000008465a7e0,0x00000000a6900000)
 Metaspace       used 86845K, committed 88832K, reserved 1179648K
  class space    used 8794K, committed 9600K, reserved 1048576K
}
Event: 3361.974 GC heap before
{Heap before GC invocations=1107 (full 5):
 PSYoungGen      total 9216K, used 9205K [0x00000000d5580000, 0x00000000d6200000, 0x0000000100000000)
  eden space 8704K, 100% used [0x00000000d5580000,0x00000000d5e00000,0x00000000d5e00000)
  from space 512K, 98% used [0x00000000d5f80000,0x00000000d5ffd7f8,0x00000000d6000000)
  to   space 2048K, 0% used [0x00000000d6000000,0x00000000d6000000,0x00000000d6200000)
 ParOldGen       total 631808K, used 72041K [0x0000000080000000, 0x00000000a6900000, 0x00000000d5580000)
  object space 631808K, 11% used [0x0000000080000000,0x000000008465a7e0,0x00000000a6900000)
 Metaspace       used 86848K, committed 88832K, reserved 1179648K
  class space    used 8794K, committed 9600K, reserved 1048576K
}
Event: 3361.976 GC heap after
{Heap after GC invocations=1107 (full 5):
 PSYoungGen      total 10240K, used 1472K [0x00000000d5580000, 0x00000000d6180000, 0x0000000100000000)
  eden space 8704K, 0% used [0x00000000d5580000,0x00000000d5580000,0x00000000d5e00000)
  from space 1536K, 95% used [0x00000000d6000000,0x00000000d6170020,0x00000000d6180000)
  to   space 1536K, 0% used [0x00000000d5e80000,0x00000000d5e80000,0x00000000d6000000)
 ParOldGen       total 631808K, used 72252K [0x0000000080000000, 0x00000000a6900000, 0x00000000d5580000)
  object space 631808K, 11% used [0x0000000080000000,0x000000008468f0e0,0x00000000a6900000)
 Metaspace       used 86848K, committed 88832K, reserved 1179648K
  class space    used 8794K, committed 9600K, reserved 1048576K
}
Event: 3362.279 GC heap before
{Heap before GC invocations=1108 (full 5):
 PSYoungGen      total 10240K, used 10176K [0x00000000d5580000, 0x00000000d6180000, 0x0000000100000000)
  eden space 8704K, 100% used [0x00000000d5580000,0x00000000d5e00000,0x00000000d5e00000)
  from space 1536K, 95% used [0x00000000d6000000,0x00000000d6170020,0x00000000d6180000)
  to   space 1536K, 0% used [0x00000000d5e80000,0x00000000d5e80000,0x00000000d6000000)
 ParOldGen       total 631808K, used 72252K [0x0000000080000000, 0x00000000a6900000, 0x00000000d5580000)
  object space 631808K, 11% used [0x0000000080000000,0x000000008468f0e0,0x00000000a6900000)
 Metaspace       used 86855K, committed 88832K, reserved 1179648K
  class space    used 8794K, committed 9600K, reserved 1048576K
}
Event: 3362.280 GC heap after
{Heap after GC invocations=1108 (full 5):
 PSYoungGen      total 9216K, used 352K [0x00000000d5580000, 0x00000000d6080000, 0x0000000100000000)
  eden space 8704K, 0% used [0x00000000d5580000,0x00000000d5580000,0x00000000d5e00000)
  from space 512K, 68% used [0x00000000d5e80000,0x00000000d5ed8000,0x00000000d5f00000)
  to   space 1024K, 0% used [0x00000000d5f80000,0x00000000d5f80000,0x00000000d6080000)
 ParOldGen       total 631808K, used 72484K [0x0000000080000000, 0x00000000a6900000, 0x00000000d5580000)
  object space 631808K, 11% used [0x0000000080000000,0x00000000846c90e0,0x00000000a6900000)
 Metaspace       used 86855K, committed 88832K, reserved 1179648K
  class space    used 8794K, committed 9600K, reserved 1048576K
}
Event: 3362.313 GC heap before
{Heap before GC invocations=1109 (full 5):
 PSYoungGen      total 9216K, used 9056K [0x00000000d5580000, 0x00000000d6080000, 0x0000000100000000)
  eden space 8704K, 100% used [0x00000000d5580000,0x00000000d5e00000,0x00000000d5e00000)
  from space 512K, 68% used [0x00000000d5e80000,0x00000000d5ed8000,0x00000000d5f00000)
  to   space 1024K, 0% used [0x00000000d5f80000,0x00000000d5f80000,0x00000000d6080000)
 ParOldGen       total 631808K, used 72484K [0x0000000080000000, 0x00000000a6900000, 0x00000000d5580000)
  object space 631808K, 11% used [0x0000000080000000,0x00000000846c90e0,0x00000000a6900000)
 Metaspace       used 86855K, committed 88832K, reserved 1179648K
  class space    used 8794K, committed 9600K, reserved 1048576K
}
Event: 3362.314 GC heap after
{Heap after GC invocations=1109 (full 5):
 PSYoungGen      total 9216K, used 288K [0x00000000d5580000, 0x00000000d6000000, 0x0000000100000000)
  eden space 8704K, 0% used [0x00000000d5580000,0x00000000d5580000,0x00000000d5e00000)
  from space 512K, 56% used [0x00000000d5f80000,0x00000000d5fc8000,0x00000000d6000000)
  to   space 512K, 0% used [0x00000000d5e80000,0x00000000d5e80000,0x00000000d5f00000)
 ParOldGen       total 631808K, used 72693K [0x0000000080000000, 0x00000000a6900000, 0x00000000d5580000)
  object space 631808K, 11% used [0x0000000080000000,0x00000000846fd468,0x00000000a6900000)
 Metaspace       used 86855K, committed 88832K, reserved 1179648K
  class space    used 8794K, committed 9600K, reserved 1048576K
}
Event: 3362.342 GC heap before
{Heap before GC invocations=1110 (full 5):
 PSYoungGen      total 9216K, used 8992K [0x00000000d5580000, 0x00000000d6000000, 0x0000000100000000)
  eden space 8704K, 100% used [0x00000000d5580000,0x00000000d5e00000,0x00000000d5e00000)
  from space 512K, 56% used [0x00000000d5f80000,0x00000000d5fc8000,0x00000000d6000000)
  to   space 512K, 0% used [0x00000000d5e80000,0x00000000d5e80000,0x00000000d5f00000)
 ParOldGen       total 631808K, used 72693K [0x0000000080000000, 0x00000000a6900000, 0x00000000d5580000)
  object space 631808K, 11% used [0x0000000080000000,0x00000000846fd468,0x00000000a6900000)
 Metaspace       used 86855K, committed 88832K, reserved 1179648K
  class space    used 8794K, committed 9600K, reserved 1048576K
}
Event: 3362.342 GC heap after
{Heap after GC invocations=1110 (full 5):
 PSYoungGen      total 9216K, used 352K [0x00000000d5580000, 0x00000000d6000000, 0x0000000100000000)
  eden space 8704K, 0% used [0x00000000d5580000,0x00000000d5580000,0x00000000d5e00000)
  from space 512K, 68% used [0x00000000d5e80000,0x00000000d5ed8000,0x00000000d5f00000)
  to   space 512K, 0% used [0x00000000d5f80000,0x00000000d5f80000,0x00000000d6000000)
 ParOldGen       total 631808K, used 72733K [0x0000000080000000, 0x00000000a6900000, 0x00000000d5580000)
  object space 631808K, 11% used [0x0000000080000000,0x0000000084707468,0x00000000a6900000)
 Metaspace       used 86855K, committed 88832K, reserved 1179648K
  class space    used 8794K, committed 9600K, reserved 1048576K
}
Event: 3577.580 GC heap before
{Heap before GC invocations=1111 (full 5):
 PSYoungGen      total 9216K, used 9056K [0x00000000d5580000, 0x00000000d6000000, 0x0000000100000000)
  eden space 8704K, 100% used [0x00000000d5580000,0x00000000d5e00000,0x00000000d5e00000)
  from space 512K, 68% used [0x00000000d5e80000,0x00000000d5ed8000,0x00000000d5f00000)
  to   space 512K, 0% used [0x00000000d5f80000,0x00000000d5f80000,0x00000000d6000000)
 ParOldGen       total 631808K, used 72733K [0x0000000080000000, 0x00000000a6900000, 0x00000000d5580000)
  object space 631808K, 11% used [0x0000000080000000,0x0000000084707468,0x00000000a6900000)
 Metaspace       used 86875K, committed 88832K, reserved 1179648K
  class space    used 8794K, committed 9600K, reserved 1048576K
}
Event: 3577.581 GC heap after
{Heap after GC invocations=1111 (full 5):
 PSYoungGen      total 9216K, used 384K [0x00000000d5580000, 0x00000000d6000000, 0x0000000100000000)
  eden space 8704K, 0% used [0x00000000d5580000,0x00000000d5580000,0x00000000d5e00000)
  from space 512K, 75% used [0x00000000d5f80000,0x00000000d5fe0020,0x00000000d6000000)
  to   space 512K, 0% used [0x00000000d5e80000,0x00000000d5e80000,0x00000000d5f00000)
 ParOldGen       total 631808K, used 72765K [0x0000000080000000, 0x00000000a6900000, 0x00000000d5580000)
  object space 631808K, 11% used [0x0000000080000000,0x000000008470f468,0x00000000a6900000)
 Metaspace       used 86875K, committed 88832K, reserved 1179648K
  class space    used 8794K, committed 9600K, reserved 1048576K
}
Event: 3577.624 GC heap before
{Heap before GC invocations=1112 (full 5):
 PSYoungGen      total 9216K, used 9088K [0x00000000d5580000, 0x00000000d6000000, 0x0000000100000000)
  eden space 8704K, 100% used [0x00000000d5580000,0x00000000d5e00000,0x00000000d5e00000)
  from space 512K, 75% used [0x00000000d5f80000,0x00000000d5fe0020,0x00000000d6000000)
  to   space 512K, 0% used [0x00000000d5e80000,0x00000000d5e80000,0x00000000d5f00000)
 ParOldGen       total 631808K, used 72765K [0x0000000080000000, 0x00000000a6900000, 0x00000000d5580000)
  object space 631808K, 11% used [0x0000000080000000,0x000000008470f468,0x00000000a6900000)
 Metaspace       used 86875K, committed 88832K, reserved 1179648K
  class space    used 8794K, committed 9600K, reserved 1048576K
}
Event: 3577.626 GC heap after
{Heap after GC invocations=1112 (full 5):
 PSYoungGen      total 9216K, used 224K [0x00000000d5580000, 0x00000000d6000000, 0x0000000100000000)
  eden space 8704K, 0% used [0x00000000d5580000,0x00000000d5580000,0x00000000d5e00000)
  from space 512K, 43% used [0x00000000d5e80000,0x00000000d5eb8000,0x00000000d5f00000)
  to   space 512K, 0% used [0x00000000d5f80000,0x00000000d5f80000,0x00000000d6000000)
 ParOldGen       total 631808K, used 73043K [0x0000000080000000, 0x00000000a6900000, 0x00000000d5580000)
  object space 631808K, 11% used [0x0000000080000000,0x0000000084754c48,0x00000000a6900000)
 Metaspace       used 86875K, committed 88832K, reserved 1179648K
  class space    used 8794K, committed 9600K, reserved 1048576K
}
Event: 3577.654 GC heap before
{Heap before GC invocations=1113 (full 5):
 PSYoungGen      total 9216K, used 8927K [0x00000000d5580000, 0x00000000d6000000, 0x0000000100000000)
  eden space 8704K, 99% used [0x00000000d5580000,0x00000000d5dffff8,0x00000000d5e00000)
  from space 512K, 43% used [0x00000000d5e80000,0x00000000d5eb8000,0x00000000d5f00000)
  to   space 512K, 0% used [0x00000000d5f80000,0x00000000d5f80000,0x00000000d6000000)
 ParOldGen       total 631808K, used 73043K [0x0000000080000000, 0x00000000a6900000, 0x00000000d5580000)
  object space 631808K, 11% used [0x0000000080000000,0x0000000084754c48,0x00000000a6900000)
 Metaspace       used 86878K, committed 88832K, reserved 1179648K
  class space    used 8794K, committed 9600K, reserved 1048576K
}
Event: 3577.655 GC heap after
{Heap after GC invocations=1113 (full 5):
 PSYoungGen      total 9216K, used 352K [0x00000000d5580000, 0x00000000d6000000, 0x0000000100000000)
  eden space 8704K, 0% used [0x00000000d5580000,0x00000000d5580000,0x00000000d5e00000)
  from space 512K, 68% used [0x00000000d5f80000,0x00000000d5fd8000,0x00000000d6000000)
  to   space 512K, 0% used [0x00000000d5e80000,0x00000000d5e80000,0x00000000d5f00000)
 ParOldGen       total 631808K, used 73115K [0x0000000080000000, 0x00000000a6900000, 0x00000000d5580000)
  object space 631808K, 11% used [0x0000000080000000,0x0000000084766c48,0x00000000a6900000)
 Metaspace       used 86878K, committed 88832K, reserved 1179648K
  class space    used 8794K, committed 9600K, reserved 1048576K
}
Event: 3578.893 GC heap before
{Heap before GC invocations=1114 (full 5):
 PSYoungGen      total 9216K, used 9056K [0x00000000d5580000, 0x00000000d6000000, 0x0000000100000000)
  eden space 8704K, 100% used [0x00000000d5580000,0x00000000d5e00000,0x00000000d5e00000)
  from space 512K, 68% used [0x00000000d5f80000,0x00000000d5fd8000,0x00000000d6000000)
  to   space 512K, 0% used [0x00000000d5e80000,0x00000000d5e80000,0x00000000d5f00000)
 ParOldGen       total 631808K, used 73115K [0x0000000080000000, 0x00000000a6900000, 0x00000000d5580000)
  object space 631808K, 11% used [0x0000000080000000,0x0000000084766c48,0x00000000a6900000)
 Metaspace       used 86879K, committed 88832K, reserved 1179648K
  class space    used 8794K, committed 9600K, reserved 1048576K
}
Event: 3578.894 GC heap after
{Heap after GC invocations=1114 (full 5):
 PSYoungGen      total 9216K, used 370K [0x00000000d5580000, 0x00000000d6000000, 0x0000000100000000)
  eden space 8704K, 0% used [0x00000000d5580000,0x00000000d5580000,0x00000000d5e00000)
  from space 512K, 72% used [0x00000000d5e80000,0x00000000d5edcbd8,0x00000000d5f00000)
  to   space 512K, 0% used [0x00000000d5f80000,0x00000000d5f80000,0x00000000d6000000)
 ParOldGen       total 631808K, used 73187K [0x0000000080000000, 0x00000000a6900000, 0x00000000d5580000)
  object space 631808K, 11% used [0x0000000080000000,0x0000000084778c48,0x00000000a6900000)
 Metaspace       used 86879K, committed 88832K, reserved 1179648K
  class space    used 8794K, committed 9600K, reserved 1048576K
}
Event: 3578.914 GC heap before
{Heap before GC invocations=1115 (full 5):
 PSYoungGen      total 9216K, used 9074K [0x00000000d5580000, 0x00000000d6000000, 0x0000000100000000)
  eden space 8704K, 100% used [0x00000000d5580000,0x00000000d5e00000,0x00000000d5e00000)
  from space 512K, 72% used [0x00000000d5e80000,0x00000000d5edcbd8,0x00000000d5f00000)
  to   space 512K, 0% used [0x00000000d5f80000,0x00000000d5f80000,0x00000000d6000000)
 ParOldGen       total 631808K, used 73187K [0x0000000080000000, 0x00000000a6900000, 0x00000000d5580000)
  object space 631808K, 11% used [0x0000000080000000,0x0000000084778c48,0x00000000a6900000)
 Metaspace       used 86880K, committed 88832K, reserved 1179648K
  class space    used 8794K, committed 9600K, reserved 1048576K
}
Event: 3578.915 GC heap after
{Heap after GC invocations=1115 (full 5):
 PSYoungGen      total 9216K, used 370K [0x00000000d5580000, 0x00000000d6000000, 0x0000000100000000)
  eden space 8704K, 0% used [0x00000000d5580000,0x00000000d5580000,0x00000000d5e00000)
  from space 512K, 72% used [0x00000000d5f80000,0x00000000d5fdcbd8,0x00000000d6000000)
  to   space 512K, 0% used [0x00000000d5e80000,0x00000000d5e80000,0x00000000d5f00000)
 ParOldGen       total 631808K, used 73267K [0x0000000080000000, 0x00000000a6900000, 0x00000000d5580000)
  object space 631808K, 11% used [0x0000000080000000,0x000000008478cc48,0x00000000a6900000)
 Metaspace       used 86880K, committed 88832K, reserved 1179648K
  class space    used 8794K, committed 9600K, reserved 1048576K
}

